<?xml version="1.0" encoding="UTF-8"?>
<!-- Generated by org.testng.reporters.JUnitXMLReporter -->
<testsuite hostname="test-1" ignored="0" name="Surefire test" tests="3" failures="0" timestamp="09 Jun 2021 14:05:45 GMT" time="67.54" errors="0">
  <testcase name="verifyProductArrangeInAlphaBaticalOrder" time="6.861" classname="com.nopcommerce.demo.computer.ComputerTest"/>
  <testcase name="verifyPagenavigation" time="15.833" classname="com.nopcommerce.demo.topemenu.TopMenuTest"/>
  <testcase name="verifyProductAddedToShoppingCartSucessFully" time="15.286" classname="com.nopcommerce.demo.productpage.ProductTest"/>
</testsuite> <!-- Surefire test -->
